<?xml version="1.0" encoding="UTF-8"?>
<testsuites>
  <testsuite name="Project Test Suite" tests="19" assertions="68" errors="0" failures="0" skipped="0" time="3.825232">
    <testsuite name="CodeManager\Tests\Command\GZIPCommandTest" file="/quasar_source/applications/asset_server/code_manager/tests/command/GZIPCommandTest.php" tests="1" assertions="1" errors="0" failures="0" skipped="0" time="0.195432">
      <testcase name="test_gzip_command" class="CodeManager\Tests\Command\GZIPCommandTest" classname="CodeManager.Tests.Command.GZIPCommandTest" file="/quasar_source/applications/asset_server/code_manager/tests/command/GZIPCommandTest.php" line="20" assertions="1" time="0.195432"/>
    </testsuite>
    <testsuite name="CodeManager\Tests\Command\MinifyCSSCommandTest" file="/quasar_source/applications/asset_server/code_manager/tests/command/MinifyCSSCommandTest.php" tests="1" assertions="1" errors="0" failures="0" skipped="0" time="1.181173">
      <testcase name="test_minify_css_command" class="CodeManager\Tests\Command\MinifyCSSCommandTest" classname="CodeManager.Tests.Command.MinifyCSSCommandTest" file="/quasar_source/applications/asset_server/code_manager/tests/command/MinifyCSSCommandTest.php" line="21" assertions="1" time="1.181173"/>
    </testsuite>
    <testsuite name="CodeManager\Tests\Command\MinifyHTMLCommandTest" file="/quasar_source/applications/asset_server/code_manager/tests/command/MinifyHTMLCommandTest.php" tests="1" assertions="1" errors="0" failures="0" skipped="0" time="1.004937">
      <testcase name="test_minify_html_command" class="CodeManager\Tests\Command\MinifyHTMLCommandTest" classname="CodeManager.Tests.Command.MinifyHTMLCommandTest" file="/quasar_source/applications/asset_server/code_manager/tests/command/MinifyHTMLCommandTest.php" line="21" assertions="1" time="1.004937"/>
    </testsuite>
    <testsuite name="CodeManager\Traits\TraitPatternNameTest" file="/quasar_source/applications/asset_server/code_manager/tests/traits/TraitPatternNameTest.php" tests="1" assertions="2" errors="0" failures="0" skipped="0" time="0.010919">
      <testcase name="test_trait_pattern_name" class="CodeManager\Traits\TraitPatternNameTest" classname="CodeManager.Traits.TraitPatternNameTest" file="/quasar_source/applications/asset_server/code_manager/tests/traits/TraitPatternNameTest.php" line="18" assertions="2" time="0.010919"/>
    </testsuite>
    <testsuite name="CodeManager\Tests\ArrayUtilitiesTest" file="/quasar_source/applications/asset_server/code_manager/tests/universal_utilities/ArrayUtilitiesTest.php" tests="2" assertions="12" errors="0" failures="0" skipped="0" time="0.016171">
      <testcase name="test_contains" class="CodeManager\Tests\ArrayUtilitiesTest" classname="CodeManager.Tests.ArrayUtilitiesTest" file="/quasar_source/applications/asset_server/code_manager/tests/universal_utilities/ArrayUtilitiesTest.php" line="18" assertions="6" time="0.016099"/>
      <testcase name="test_remove_first_n" class="CodeManager\Tests\ArrayUtilitiesTest" classname="CodeManager.Tests.ArrayUtilitiesTest" file="/quasar_source/applications/asset_server/code_manager/tests/universal_utilities/ArrayUtilitiesTest.php" line="30" assertions="6" time="0.000072"/>
    </testsuite>
    <testsuite name="CodeManager\Tests\FileUtilitiesTest" file="/quasar_source/applications/asset_server/code_manager/tests/universal_utilities/FileUtilitiesTest.php" tests="4" assertions="4" errors="0" failures="0" skipped="0" time="0.029451">
      <testcase name="test_get_sha512sum" class="CodeManager\Tests\FileUtilitiesTest" classname="CodeManager.Tests.FileUtilitiesTest" file="/quasar_source/applications/asset_server/code_manager/tests/universal_utilities/FileUtilitiesTest.php" line="21" assertions="1" time="0.004971"/>
      <testcase name="test_matches_sha512sum" class="CodeManager\Tests\FileUtilitiesTest" classname="CodeManager.Tests.FileUtilitiesTest" file="/quasar_source/applications/asset_server/code_manager/tests/universal_utilities/FileUtilitiesTest.php" line="25" assertions="1" time="0.002719"/>
      <testcase name="test_get_size" class="CodeManager\Tests\FileUtilitiesTest" classname="CodeManager.Tests.FileUtilitiesTest" file="/quasar_source/applications/asset_server/code_manager/tests/universal_utilities/FileUtilitiesTest.php" line="29" assertions="1" time="0.000635"/>
      <testcase name="test_get_yaml_contents" class="CodeManager\Tests\FileUtilitiesTest" classname="CodeManager.Tests.FileUtilitiesTest" file="/quasar_source/applications/asset_server/code_manager/tests/universal_utilities/FileUtilitiesTest.php" line="36" assertions="1" time="0.021126"/>
    </testsuite>
    <testsuite name="CodeManager\Tests\SimpleTimerTest" file="/quasar_source/applications/asset_server/code_manager/tests/universal_utilities/SimpleTimerTest.php" tests="2" assertions="5" errors="0" failures="0" skipped="0" time="1.378586">
      <testcase name="test_simple_timer" class="CodeManager\Tests\SimpleTimerTest" classname="CodeManager.Tests.SimpleTimerTest" file="/quasar_source/applications/asset_server/code_manager/tests/universal_utilities/SimpleTimerTest.php" line="16" assertions="4" time="1.378496"/>
      <testcase name="test_simple_timer_syntax" class="CodeManager\Tests\SimpleTimerTest" classname="CodeManager.Tests.SimpleTimerTest" file="/quasar_source/applications/asset_server/code_manager/tests/universal_utilities/SimpleTimerTest.php" line="29" assertions="1" time="0.000090"/>
    </testsuite>
    <testsuite name="CodeManager\Tests\StringUtilitiesTest" file="/quasar_source/applications/asset_server/code_manager/tests/universal_utilities/StringUtilitiesTest.php" tests="7" assertions="42" errors="0" failures="0" skipped="0" time="0.008562">
      <testcase name="test_get_matches_removed" class="CodeManager\Tests\StringUtilitiesTest" classname="CodeManager.Tests.StringUtilitiesTest" file="/quasar_source/applications/asset_server/code_manager/tests/universal_utilities/StringUtilitiesTest.php" line="18" assertions="4" time="0.008143"/>
      <testcase name="test_get_list_of_matches_removed" class="CodeManager\Tests\StringUtilitiesTest" classname="CodeManager.Tests.StringUtilitiesTest" file="/quasar_source/applications/asset_server/code_manager/tests/universal_utilities/StringUtilitiesTest.php" line="31" assertions="1" time="0.000054"/>
      <testcase name="test_split" class="CodeManager\Tests\StringUtilitiesTest" classname="CodeManager.Tests.StringUtilitiesTest" file="/quasar_source/applications/asset_server/code_manager/tests/universal_utilities/StringUtilitiesTest.php" line="41" assertions="1" time="0.000044"/>
      <testcase name="test_contains" class="CodeManager\Tests\StringUtilitiesTest" classname="CodeManager.Tests.StringUtilitiesTest" file="/quasar_source/applications/asset_server/code_manager/tests/universal_utilities/StringUtilitiesTest.php" line="51" assertions="15" time="0.000136"/>
      <testcase name="test_ensure_starts_with" class="CodeManager\Tests\StringUtilitiesTest" classname="CodeManager.Tests.StringUtilitiesTest" file="/quasar_source/applications/asset_server/code_manager/tests/universal_utilities/StringUtilitiesTest.php" line="78" assertions="2" time="0.000044"/>
      <testcase name="test_starts_with" class="CodeManager\Tests\StringUtilitiesTest" classname="CodeManager.Tests.StringUtilitiesTest" file="/quasar_source/applications/asset_server/code_manager/tests/universal_utilities/StringUtilitiesTest.php" line="86" assertions="11" time="0.000074"/>
      <testcase name="test_ends_with" class="CodeManager\Tests\StringUtilitiesTest" classname="CodeManager.Tests.StringUtilitiesTest" file="/quasar_source/applications/asset_server/code_manager/tests/universal_utilities/StringUtilitiesTest.php" line="107" assertions="8" time="0.000067"/>
    </testsuite>
  </testsuite>
</testsuites>
