<?xml version="1.0" encoding="UTF-8"?>
<testsuites>
  <testsuite name="Project Test Suite" tests="25" assertions="94" errors="0" failures="0" skipped="0" time="4.409142">
    <testsuite name="CodeManager\Tests\Command\GZIPCommandTest" file="/quasar_source/applications/asset_server/code_manager/tests/command/GZIPCommandTest.php" tests="1" assertions="1" errors="0" failures="0" skipped="0" time="0.220165">
      <testcase name="test_gzip_command" class="CodeManager\Tests\Command\GZIPCommandTest" classname="CodeManager.Tests.Command.GZIPCommandTest" file="/quasar_source/applications/asset_server/code_manager/tests/command/GZIPCommandTest.php" line="20" assertions="1" time="0.220165"/>
    </testsuite>
    <testsuite name="CodeManager\Tests\Command\MinifyCSSCommandTest" file="/quasar_source/applications/asset_server/code_manager/tests/command/MinifyCSSCommandTest.php" tests="1" assertions="1" errors="0" failures="0" skipped="0" time="1.354482">
      <testcase name="test_minify_css_command" class="CodeManager\Tests\Command\MinifyCSSCommandTest" classname="CodeManager.Tests.Command.MinifyCSSCommandTest" file="/quasar_source/applications/asset_server/code_manager/tests/command/MinifyCSSCommandTest.php" line="21" assertions="1" time="1.354482"/>
    </testsuite>
    <testsuite name="CodeManager\Tests\Command\MinifyHTMLCommandTest" file="/quasar_source/applications/asset_server/code_manager/tests/command/MinifyHTMLCommandTest.php" tests="1" assertions="1" errors="0" failures="0" skipped="0" time="1.329130">
      <testcase name="test_minify_html_command" class="CodeManager\Tests\Command\MinifyHTMLCommandTest" classname="CodeManager.Tests.Command.MinifyHTMLCommandTest" file="/quasar_source/applications/asset_server/code_manager/tests/command/MinifyHTMLCommandTest.php" line="21" assertions="1" time="1.329130"/>
    </testsuite>
    <testsuite name="CodeManager\Traits\TraitPatternNameTest" file="/quasar_source/applications/asset_server/code_manager/tests/traits/TraitPatternNameTest.php" tests="1" assertions="2" errors="0" failures="0" skipped="0" time="0.014173">
      <testcase name="test_trait_pattern_name" class="CodeManager\Traits\TraitPatternNameTest" classname="CodeManager.Traits.TraitPatternNameTest" file="/quasar_source/applications/asset_server/code_manager/tests/traits/TraitPatternNameTest.php" line="18" assertions="2" time="0.014173"/>
    </testsuite>
    <testsuite name="CodeManager\Tests\ArrayUtilitiesTest" file="/quasar_source/applications/asset_server/code_manager/tests/universal_utilities/ArrayUtilitiesTest.php" tests="3" assertions="14" errors="0" failures="0" skipped="0" time="0.023045">
      <testcase name="test_string_arrays_have_same_values" class="CodeManager\Tests\ArrayUtilitiesTest" classname="CodeManager.Tests.ArrayUtilitiesTest" file="/quasar_source/applications/asset_server/code_manager/tests/universal_utilities/ArrayUtilitiesTest.php" line="18" assertions="2" time="0.015348"/>
      <testcase name="test_contains" class="CodeManager\Tests\ArrayUtilitiesTest" classname="CodeManager.Tests.ArrayUtilitiesTest" file="/quasar_source/applications/asset_server/code_manager/tests/universal_utilities/ArrayUtilitiesTest.php" line="29" assertions="6" time="0.007624"/>
      <testcase name="test_remove_first_n" class="CodeManager\Tests\ArrayUtilitiesTest" classname="CodeManager.Tests.ArrayUtilitiesTest" file="/quasar_source/applications/asset_server/code_manager/tests/universal_utilities/ArrayUtilitiesTest.php" line="41" assertions="6" time="0.000073"/>
    </testsuite>
    <testsuite name="CodeManager\Tests\MathUtilitiesTest" file="/quasar_source/applications/asset_server/code_manager/tests/universal_utilities/MathUtilitiesTest.php" tests="1" assertions="1" errors="0" failures="0" skipped="0" time="0.004769">
      <testcase name="test_get_percentage_decreased" class="CodeManager\Tests\MathUtilitiesTest" classname="CodeManager.Tests.MathUtilitiesTest" file="/quasar_source/applications/asset_server/code_manager/tests/universal_utilities/MathUtilitiesTest.php" line="16" assertions="1" time="0.004769"/>
    </testsuite>
    <testsuite name="CodeManager\Tests\SimpleTimerTest" file="/quasar_source/applications/asset_server/code_manager/tests/universal_utilities/SimpleTimerTest.php" tests="2" assertions="5" errors="0" failures="0" skipped="0" time="1.375640">
      <testcase name="test_simple_timer" class="CodeManager\Tests\SimpleTimerTest" classname="CodeManager.Tests.SimpleTimerTest" file="/quasar_source/applications/asset_server/code_manager/tests/universal_utilities/SimpleTimerTest.php" line="16" assertions="4" time="1.375566"/>
      <testcase name="test_simple_timer_syntax" class="CodeManager\Tests\SimpleTimerTest" classname="CodeManager.Tests.SimpleTimerTest" file="/quasar_source/applications/asset_server/code_manager/tests/universal_utilities/SimpleTimerTest.php" line="29" assertions="1" time="0.000074"/>
    </testsuite>
    <testsuite name="CodeManager\Tests\StringUtilitiesTest" file="/quasar_source/applications/asset_server/code_manager/tests/universal_utilities/StringUtilitiesTest.php" tests="7" assertions="44" errors="0" failures="0" skipped="0" time="0.000666">
      <testcase name="test_get_matches_removed" class="CodeManager\Tests\StringUtilitiesTest" classname="CodeManager.Tests.StringUtilitiesTest" file="/quasar_source/applications/asset_server/code_manager/tests/universal_utilities/StringUtilitiesTest.php" line="18" assertions="5" time="0.000078"/>
      <testcase name="test_replace" class="CodeManager\Tests\StringUtilitiesTest" classname="CodeManager.Tests.StringUtilitiesTest" file="/quasar_source/applications/asset_server/code_manager/tests/universal_utilities/StringUtilitiesTest.php" line="32" assertions="2" time="0.000089"/>
      <testcase name="test_split" class="CodeManager\Tests\StringUtilitiesTest" classname="CodeManager.Tests.StringUtilitiesTest" file="/quasar_source/applications/asset_server/code_manager/tests/universal_utilities/StringUtilitiesTest.php" line="43" assertions="1" time="0.000060"/>
      <testcase name="test_contains" class="CodeManager\Tests\StringUtilitiesTest" classname="CodeManager.Tests.StringUtilitiesTest" file="/quasar_source/applications/asset_server/code_manager/tests/universal_utilities/StringUtilitiesTest.php" line="53" assertions="15" time="0.000144"/>
      <testcase name="test_ensure_starts_with" class="CodeManager\Tests\StringUtilitiesTest" classname="CodeManager.Tests.StringUtilitiesTest" file="/quasar_source/applications/asset_server/code_manager/tests/universal_utilities/StringUtilitiesTest.php" line="80" assertions="2" time="0.000107"/>
      <testcase name="test_starts_with" class="CodeManager\Tests\StringUtilitiesTest" classname="CodeManager.Tests.StringUtilitiesTest" file="/quasar_source/applications/asset_server/code_manager/tests/universal_utilities/StringUtilitiesTest.php" line="88" assertions="11" time="0.000101"/>
      <testcase name="test_ends_with" class="CodeManager\Tests\StringUtilitiesTest" classname="CodeManager.Tests.StringUtilitiesTest" file="/quasar_source/applications/asset_server/code_manager/tests/universal_utilities/StringUtilitiesTest.php" line="109" assertions="8" time="0.000087"/>
    </testsuite>
    <testsuite name="CodeManager\Tests\DirectoryUtilitiesTest" file="/quasar_source/applications/asset_server/code_manager/tests/universal_utilities/files/DirectoryUtilitiesTest.php" tests="1" assertions="4" errors="0" failures="0" skipped="0" time="0.031278">
      <testcase name="test_get_all_contents" class="CodeManager\Tests\DirectoryUtilitiesTest" classname="CodeManager.Tests.DirectoryUtilitiesTest" file="/quasar_source/applications/asset_server/code_manager/tests/universal_utilities/files/DirectoryUtilitiesTest.php" line="22" assertions="4" time="0.031278"/>
    </testsuite>
    <testsuite name="CodeManager\Tests\FileUtilitiesTest" file="/quasar_source/applications/asset_server/code_manager/tests/universal_utilities/files/FileUtilitiesTest.php" tests="4" assertions="4" errors="0" failures="0" skipped="0" time="0.053676">
      <testcase name="test_get_sha512sum" class="CodeManager\Tests\FileUtilitiesTest" classname="CodeManager.Tests.FileUtilitiesTest" file="/quasar_source/applications/asset_server/code_manager/tests/universal_utilities/files/FileUtilitiesTest.php" line="21" assertions="1" time="0.006752"/>
      <testcase name="test_matches_sha512sum" class="CodeManager\Tests\FileUtilitiesTest" classname="CodeManager.Tests.FileUtilitiesTest" file="/quasar_source/applications/asset_server/code_manager/tests/universal_utilities/files/FileUtilitiesTest.php" line="25" assertions="1" time="0.003189"/>
      <testcase name="test_get_size" class="CodeManager\Tests\FileUtilitiesTest" classname="CodeManager.Tests.FileUtilitiesTest" file="/quasar_source/applications/asset_server/code_manager/tests/universal_utilities/files/FileUtilitiesTest.php" line="29" assertions="1" time="0.013712"/>
      <testcase name="test_get_yaml_contents" class="CodeManager\Tests\FileUtilitiesTest" classname="CodeManager.Tests.FileUtilitiesTest" file="/quasar_source/applications/asset_server/code_manager/tests/universal_utilities/files/FileUtilitiesTest.php" line="36" assertions="1" time="0.030023"/>
    </testsuite>
    <testsuite name="CodeManager\Tests\PathUtilitiesTest" file="/quasar_source/applications/asset_server/code_manager/tests/universal_utilities/files/PathUtilitiesTest.php" tests="3" assertions="17" errors="0" failures="0" skipped="0" time="0.002118">
      <testcase name="test_remove_layer" class="CodeManager\Tests\PathUtilitiesTest" classname="CodeManager.Tests.PathUtilitiesTest" file="/quasar_source/applications/asset_server/code_manager/tests/universal_utilities/files/PathUtilitiesTest.php" line="21" assertions="4" time="0.000060"/>
      <testcase name="test_get" class="CodeManager\Tests\PathUtilitiesTest" classname="CodeManager.Tests.PathUtilitiesTest" file="/quasar_source/applications/asset_server/code_manager/tests/universal_utilities/files/PathUtilitiesTest.php" line="29" assertions="11" time="0.000082"/>
      <testcase name="test_is_valid" class="CodeManager\Tests\PathUtilitiesTest" classname="CodeManager.Tests.PathUtilitiesTest" file="/quasar_source/applications/asset_server/code_manager/tests/universal_utilities/files/PathUtilitiesTest.php" line="53" assertions="2" time="0.001976"/>
    </testsuite>
  </testsuite>
</testsuites>
